<?xml version="1.0" encoding="UTF-8"?>
<!-- Generated by org.testng.reporters.JUnitReportReporter -->
<testsuite hostname="LAPTOP-LV7466V4" failures="0" tests="1" name="TestSelenium.SimpleTest" time="3.814" errors="0" timestamp="2022-07-11T23:16:30 CST" skipped="0">
  <testcase classname="TestSelenium.SimpleTest" name="setUp" time="3.814"/>
  <system-out/>
</testsuite> <!-- TestSelenium.SimpleTest -->
